<?xml version="1.0" encoding="UTF-8"?>
<!-- Generated by org.testng.reporters.JUnitReportReporter -->
<testsuite hostname="tanxiandeMacBook-Pro.local" name="com.tongjijinfeng.TongjijinfengApplicationTests" tests="1" failures="0" timestamp="25 Apr 2016 18:19:06 GMT" time="0.006" errors="0">
  <testcase name="contextLoads" time="0.006" classname="com.tongjijinfeng.TongjijinfengApplicationTests"/>
</testsuite> <!-- com.tongjijinfeng.TongjijinfengApplicationTests -->
